[00:00:21] [Server thread/INFO]: [LeonardoG8: Teleported LeonardoG8 to -3175.500000, 18.000000, -9575.500000]
[00:00:25] [Server thread/INFO]: [LeonardoG8: Teleported LeonardoG8 to -3142.500000, 80.000000, -9608.500000]
[00:00:32] [Server thread/INFO]: [LeonardoG8: Teleported FeerDJ to LeonardoG8]
[00:01:04] [Server thread/INFO]: LeonardoG8 has made the advancement [Enchanter]
[00:02:03] [Server thread/INFO]: PitoCorto lost connection: Disconnected
[00:02:03] [Server thread/INFO]: PitoCorto left the game
[00:02:09] [Server thread/INFO]: PitoCorto[/[0:0:0:0:0:0:0:1%0]:44332] logged in with entity id 3390 at (-3148.5554724669314, 80.0, -9622.300000011921)
[00:02:09] [Server thread/INFO]: PitoCorto joined the game
[00:05:12] [Server thread/INFO]: [LeonardoG8: Teleported LeonardoG8 to 16174.500000, 66.000000, 10994.500000]
[00:05:16] [Server thread/INFO]: [LeonardoG8: Teleported FeerDJ to LeonardoG8]
[00:07:54] [Server thread/WARN]: FeerDJ moved wrongly!
[00:16:22] [Server thread/INFO]: [LeonardoG8: Set own game mode to Spectator Mode]
[00:16:46] [Server thread/INFO]: [LeonardoG8: Set own game mode to Survival Mode]
[00:20:20] [Server thread/INFO]: [LeonardoG8: Teleported FeerDJ to LeonardoG8]
[00:26:30] [Server thread/INFO]: [LeonardoG8: Teleported LeonardoG8 to FeerDJ]
[00:37:30] [Server thread/INFO]: FeerDJ has made the advancement [Not Today, Thank You]
[00:38:09] [Server thread/INFO]: [LeonardoG8: Teleported LeonardoG8 to -3142.500000, 80.000000, -9608.500000]
[00:38:11] [Server thread/INFO]: [LeonardoG8: Teleported FeerDJ to LeonardoG8]
[00:38:18] [Server thread/INFO]: PitoCorto lost connection: Disconnected
[00:38:18] [Server thread/INFO]: PitoCorto left the game
[00:38:24] [Server thread/INFO]: PitoCorto[/[0:0:0:0:0:0:0:1%0]:40656] logged in with entity id 14540 at (-3148.5554724669314, 80.0, -9622.300000011921)
[00:38:24] [Server thread/INFO]: PitoCorto joined the game
[00:43:00] [Server thread/INFO]: [LeonardoG8: Set own game mode to Spectator Mode]
[00:43:22] [Server thread/INFO]: [LeonardoG8: Set own game mode to Survival Mode]
[00:44:58] [Server thread/INFO]: LeonardoG8 lost connection: Disconnected
[00:44:58] [Server thread/INFO]: LeonardoG8 left the game
[00:45:09] [Server thread/INFO]: FeerDJ lost connection: Disconnected
[00:45:09] [Server thread/INFO]: FeerDJ left the game
[01:44:10] [Server thread/INFO]: PitoCorto has made the advancement [A Seedy Place]
[01:46:10] [Server thread/INFO]: LeonardoG8[/[0:0:0:0:0:0:0:1%0]:60474] logged in with entity id 21405 at (-3159.3138351959133, 80.0, -9613.755591077379)
[01:46:10] [Server thread/INFO]: LeonardoG8 joined the game
[01:47:43] [Server thread/INFO]: [LeonardoG8: Set PitoCorto's game mode to Spectator Mode]
[01:47:58] [Server thread/INFO]: LeonardoG8 lost connection: Disconnected
[01:47:58] [Server thread/INFO]: LeonardoG8 left the game
[01:49:11] [Server thread/INFO]: PitoCorto lost connection: Disconnected
[01:49:11] [Server thread/INFO]: PitoCorto left the game
[01:49:17] [Server thread/INFO]: LeonardoG8[/[0:0:0:0:0:0:0:1%0]:34884] logged in with entity id 21767 at (-3154.535028249854, 79.9375, -9629.174295861265)
[01:49:17] [Server thread/INFO]: LeonardoG8 joined the game
[01:50:27] [Server thread/INFO]: Named entity cdi['tencentTirateun10K'/21830, l='ServerLevel[world]', x=-3150.51, y=73.49, z=-9634.16] died: tencentTirateun10K was slain by LeonardoG8
[01:53:26] [Server thread/INFO]: LeonardoG8 lost connection: Disconnected
[01:53:26] [Server thread/INFO]: LeonardoG8 left the game
[01:53:31] [Server thread/INFO]: LeonardoG8[/[0:0:0:0:0:0:0:1%0]:49818] logged in with entity id 22799 at (-3141.465869413324, 79.9375, -9630.348875454241)
[01:53:31] [Server thread/INFO]: LeonardoG8 joined the game
[01:54:14] [Server thread/INFO]: LeonardoG8 lost connection: Disconnected
[01:54:14] [Server thread/INFO]: LeonardoG8 left the game
[01:54:25] [Server thread/INFO]: PitoCorto[/[0:0:0:0:0:0:0:1%0]:45928] logged in with entity id 23071 at (-3145.748215864523, 82.20175682300072, -9630.987402327446)
[01:54:25] [Server thread/INFO]: PitoCorto joined the game
[01:54:45] [Server thread/INFO]: LeonardoG8[/[0:0:0:0:0:0:0:1%0]:35168] logged in with entity id 23333 at (-3150.300000011921, 78.0, -9628.300000011921)
[01:54:45] [Server thread/INFO]: LeonardoG8 joined the game
[01:57:40] [Server thread/INFO]: LeonardoG8 lost connection: Disconnected
[01:57:40] [Server thread/INFO]: LeonardoG8 left the game
[01:57:48] [Server thread/INFO]: LeonardoG8[/[0:0:0:0:0:0:0:1%0]:37166] logged in with entity id 23787 at (-3159.8388440642684, 80.0, -9620.94280548004)
[01:57:48] [Server thread/INFO]: LeonardoG8 joined the game
[01:57:56] [Server thread/INFO]: [LeonardoG8: Set PitoCorto's game mode to Survival Mode]
[01:58:08] [Server thread/INFO]: LeonardoG8 lost connection: Disconnected
[01:58:08] [Server thread/INFO]: LeonardoG8 left the game
